<?xml version="1.0" encoding="UTF-8"?>
<testsuite xmlns:xsi="http://www.w3.org/2001/XMLSchema-instance" xsi:noNamespaceSchemaLocation="https://maven.apache.org/surefire/maven-surefire-plugin/xsd/surefire-test-report-3.0.xsd" version="3.0" name="AppTest" time="0.092" tests="5" errors="0" skipped="0" failures="0">
  <properties>
[...]
</properties>
  <testcase name="testDivideByZero" classname="AppTest" time="0.049"/>
  <testcase name="testDivideMethod" classname="AppTest" time="0.004"/>
  <testcase name="testMultiplyMethod" classname="AppTest" time="0.001"/>
  <testcase name="testAddMethod" classname="AppTest" time="0.001"/>
  <testcase name="testSubtractMethod" classname="AppTest" time="0.001"/>
</testsuite>